<?xml version="1.0" encoding="UTF-8"?>
<testsuite name="ru.netology.tests.api.APITest" tests="4" skipped="0" failures="0" errors="0" timestamp="2023-07-27T12:25:53" hostname="ACER-ПК" time="19.926">
  <properties/>
  <testcase name="shouldGetStatusValidDeclinedCardCreditRequest()" classname="ru.netology.tests.api.APITest" time="17.806"/>
  <testcase name="shouldGetStatusValidApprovedCardPayment()" classname="ru.netology.tests.api.APITest" time="0.705"/>
  <testcase name="shouldGetStatusValidDeclinedCardPayment()" classname="ru.netology.tests.api.APITest" time="0.867"/>
  <testcase name="shouldGetStatusValidApprovedCardCreditRequest()" classname="ru.netology.tests.api.APITest" time="0.515"/>
  <system-out><![CDATA[Request method:	POST
Request URI:	http://localhost:8080/api/v1/credit
Proxy:			<none>
Request params:	<none>
Query params:	<none>
Form params:	<none>
Path params:	<none>
Headers:		Accept=application/json, application/javascript, text/javascript, text/json
				Content-Type=application/json
Cookies:		<none>
Multiparts:		<none>
Body:
{
    "number": "4444 4444 4444 4442",
    "month": "08",
    "year": "28",
    "holder": "Zaglada Alyona",
    "cvv": "123"
}
Request method:	POST
Request URI:	http://localhost:8080/api/v1/pay
Proxy:			<none>
Request params:	<none>
Query params:	<none>
Form params:	<none>
Path params:	<none>
Headers:		Accept=application/json, application/javascript, text/javascript, text/json
				Content-Type=application/json
Cookies:		<none>
Multiparts:		<none>
Body:
{
    "number": "4444 4444 4444 4441",
    "month": "08",
    "year": "28",
    "holder": "Zaglada Alyona",
    "cvv": "123"
}
Request method:	POST
Request URI:	http://localhost:8080/api/v1/pay
Proxy:			<none>
Request params:	<none>
Query params:	<none>
Form params:	<none>
Path params:	<none>
Headers:		Accept=application/json, application/javascript, text/javascript, text/json
				Content-Type=application/json
Cookies:		<none>
Multiparts:		<none>
Body:
{
    "number": "4444 4444 4444 4442",
    "month": "08",
    "year": "28",
    "holder": "Zaglada Alyona",
    "cvv": "123"
}
Request method:	POST
Request URI:	http://localhost:8080/api/v1/credit
Proxy:			<none>
Request params:	<none>
Query params:	<none>
Form params:	<none>
Path params:	<none>
Headers:		Accept=application/json, application/javascript, text/javascript, text/json
				Content-Type=application/json
Cookies:		<none>
Multiparts:		<none>
Body:
{
    "number": "4444 4444 4444 4441",
    "month": "08",
    "year": "28",
    "holder": "Zaglada Alyona",
    "cvv": "123"
}
]]></system-out>
  <system-err><![CDATA[]]></system-err>
</testsuite>
